<?xml version="1.0" encoding="UTF-8"?>
<testsuite xmlns:xsi="http://www.w3.org/2001/XMLSchema-instance" xsi:schemaLocation="https://maven.apache.org/surefire/maven-surefire-plugin/xsd/surefire-test-report.xsd" name="org.etosha.hdgs.mln.TimedependentMultiLayerNetworkManagerTest" time="0.539" tests="8" errors="0" skipped="0" failures="8">
  <properties>
    <property name="java.runtime.name" value="Java(TM) SE Runtime Environment"/>
    <property name="sun.boot.library.path" value="/Library/Java/JavaVirtualMachines/jdk1.8.0_101.jdk/Contents/Home/jre/lib"/>
    <property name="java.vm.version" value="25.101-b13"/>
    <property name="gopherProxySet" value="false"/>
    <property name="java.vm.vendor" value="Oracle Corporation"/>
    <property name="java.vendor.url" value="http://java.oracle.com/"/>
    <property name="path.separator" value=":"/>
    <property name="guice.disable.misplaced.annotation.check" value="true"/>
    <property name="java.vm.name" value="Java HotSpot(TM) 64-Bit Server VM"/>
    <property name="file.encoding.pkg" value="sun.io"/>
    <property name="user.country" value="DE"/>
    <property name="sun.java.launcher" value="SUN_STANDARD"/>
    <property name="sun.os.patch.level" value="unknown"/>
    <property name="java.vm.specification.name" value="Java Virtual Machine Specification"/>
    <property name="user.dir" value="/Users/kamir/Documents/github.workspace/ghc/git-modules/gephi-plugins/modules/gephi-hadoop-connector"/>
    <property name="java.runtime.version" value="1.8.0_101-b13"/>
    <property name="java.awt.graphicsenv" value="sun.awt.CGraphicsEnvironment"/>
    <property name="java.endorsed.dirs" value="/Library/Java/JavaVirtualMachines/jdk1.8.0_101.jdk/Contents/Home/jre/lib/endorsed"/>
    <property name="os.arch" value="x86_64"/>
    <property name="java.io.tmpdir" value="/var/folders/95/_gq0rcdj21n6zfnypxs91myw0000gn/T/"/>
    <property name="line.separator" value="&#10;"/>
    <property name="java.vm.specification.vendor" value="Oracle Corporation"/>
    <property name="os.name" value="Mac OS X"/>
    <property name="maven.ext.class.path" value="/Applications/NetBeans/NetBeans 8.1.app/Contents/Resources/NetBeans/java/maven-nblib/netbeans-eventspy.jar"/>
    <property name="classworlds.conf" value="/Applications/NetBeans/NetBeans 8.1.app/Contents/Resources/NetBeans/java/maven/bin/m2.conf"/>
    <property name="sun.jnu.encoding" value="UTF-8"/>
    <property name="java.library.path" value="/Users/kamir/Library/Java/Extensions:/Library/Java/Extensions:/Network/Library/Java/Extensions:/System/Library/Java/Extensions:/usr/lib/java:."/>
    <property name="java.specification.name" value="Java Platform API Specification"/>
    <property name="java.class.version" value="52.0"/>
    <property name="sun.management.compiler" value="HotSpot 64-Bit Tiered Compilers"/>
    <property name="os.version" value="10.11.6"/>
    <property name="http.nonProxyHosts" value="local|*.local|169.254/16|*.169.254/16"/>
    <property name="user.home" value="/Users/kamir"/>
    <property name="user.timezone" value="Europe/Berlin"/>
    <property name="java.awt.printerjob" value="sun.lwawt.macosx.CPrinterJob"/>
    <property name="java.specification.version" value="1.8"/>
    <property name="file.encoding" value="UTF-8"/>
    <property name="user.name" value="kamir"/>
    <property name="java.class.path" value="/Applications/NetBeans/NetBeans 8.1.app/Contents/Resources/NetBeans/java/maven/boot/plexus-classworlds-2.4.jar"/>
    <property name="java.vm.specification.version" value="1.8"/>
    <property name="sun.arch.data.model" value="64"/>
    <property name="java.home" value="/Library/Java/JavaVirtualMachines/jdk1.8.0_101.jdk/Contents/Home/jre"/>
    <property name="sun.java.command" value="org.codehaus.plexus.classworlds.launcher.Launcher -Dmaven.ext.class.path=/Applications/NetBeans/NetBeans 8.1.app/Contents/Resources/NetBeans/java/maven-nblib/netbeans-eventspy.jar clean install"/>
    <property name="java.specification.vendor" value="Oracle Corporation"/>
    <property name="user.language" value="de"/>
    <property name="awt.toolkit" value="sun.lwawt.macosx.LWCToolkit"/>
    <property name="java.vm.info" value="mixed mode"/>
    <property name="java.version" value="1.8.0_101"/>
    <property name="java.ext.dirs" value="/Users/kamir/Library/Java/Extensions:/Library/Java/JavaVirtualMachines/jdk1.8.0_101.jdk/Contents/Home/jre/lib/ext:/Library/Java/Extensions:/Network/Library/Java/Extensions:/System/Library/Java/Extensions:/usr/lib/java"/>
    <property name="sun.boot.class.path" value="/Library/Java/JavaVirtualMachines/jdk1.8.0_101.jdk/Contents/Home/jre/lib/resources.jar:/Library/Java/JavaVirtualMachines/jdk1.8.0_101.jdk/Contents/Home/jre/lib/rt.jar:/Library/Java/JavaVirtualMachines/jdk1.8.0_101.jdk/Contents/Home/jre/lib/sunrsasign.jar:/Library/Java/JavaVirtualMachines/jdk1.8.0_101.jdk/Contents/Home/jre/lib/jsse.jar:/Library/Java/JavaVirtualMachines/jdk1.8.0_101.jdk/Contents/Home/jre/lib/jce.jar:/Library/Java/JavaVirtualMachines/jdk1.8.0_101.jdk/Contents/Home/jre/lib/charsets.jar:/Library/Java/JavaVirtualMachines/jdk1.8.0_101.jdk/Contents/Home/jre/lib/jfr.jar:/Library/Java/JavaVirtualMachines/jdk1.8.0_101.jdk/Contents/Home/jre/classes"/>
    <property name="java.vendor" value="Oracle Corporation"/>
    <property name="maven.home" value="/Applications/NetBeans/NetBeans 8.1.app/Contents/Resources/NetBeans/java/maven"/>
    <property name="file.separator" value="/"/>
    <property name="java.vendor.url.bug" value="http://bugreport.sun.com/bugreport/"/>
    <property name="sun.cpu.endian" value="little"/>
    <property name="sun.io.unicode.encoding" value="UnicodeBig"/>
    <property name="socksNonProxyHosts" value="local|*.local|169.254/16|*.169.254/16"/>
    <property name="ftp.nonProxyHosts" value="local|*.local|169.254/16|*.169.254/16"/>
    <property name="sun.cpu.isalist" value=""/>
  </properties>
  <testcase name="org.etosha.hdgs.mln.TimedependentMultiLayerNetworkManagerTest.testComponentOpened" classname="org.etosha.hdgs.mln.TimedependentMultiLayerNetworkManagerTest" time="0.087">
    <failure message="The test case is a prototype." type="java.lang.AssertionError">java.lang.AssertionError: The test case is a prototype.
	at org.junit.Assert.fail(Assert.java:91)
	at org.etosha.hdgs.mln.TimedependentMultiLayerNetworkManagerTest.testComponentOpened(TimedependentMultiLayerNetworkManagerTest.java:50)
</failure>
    <system-out><![CDATA[componentOpened
]]></system-out>
  </testcase>
  <testcase name="org.etosha.hdgs.mln.TimedependentMultiLayerNetworkManagerTest.testComponentClosed" classname="org.etosha.hdgs.mln.TimedependentMultiLayerNetworkManagerTest" time="0.016">
    <failure message="The test case is a prototype." type="java.lang.AssertionError">java.lang.AssertionError: The test case is a prototype.
	at org.junit.Assert.fail(Assert.java:91)
	at org.etosha.hdgs.mln.TimedependentMultiLayerNetworkManagerTest.testComponentClosed(TimedependentMultiLayerNetworkManagerTest.java:62)
</failure>
  </testcase>
  <testcase name="org.etosha.hdgs.mln.TimedependentMultiLayerNetworkManagerTest.testWriteProperties" classname="org.etosha.hdgs.mln.TimedependentMultiLayerNetworkManagerTest" time="0.016">
    <failure type="java.lang.NullPointerException">java.lang.NullPointerException
	at org.etosha.hdgs.mln.TimedependentMultiLayerNetworkManager.writeProperties(TimedependentMultiLayerNetworkManager.java:731)
	at org.etosha.hdgs.mln.TimedependentMultiLayerNetworkManagerTest.testWriteProperties(TimedependentMultiLayerNetworkManagerTest.java:73)
</failure>
  </testcase>
  <testcase name="org.etosha.hdgs.mln.TimedependentMultiLayerNetworkManagerTest.testReadProperties" classname="org.etosha.hdgs.mln.TimedependentMultiLayerNetworkManagerTest" time="0.015">
    <failure type="java.lang.NullPointerException">java.lang.NullPointerException
	at org.etosha.hdgs.mln.TimedependentMultiLayerNetworkManager.readProperties(TimedependentMultiLayerNetworkManager.java:736)
	at org.etosha.hdgs.mln.TimedependentMultiLayerNetworkManagerTest.testReadProperties(TimedependentMultiLayerNetworkManagerTest.java:86)
</failure>
  </testcase>
  <testcase name="org.etosha.hdgs.mln.TimedependentMultiLayerNetworkManagerTest.testLoadNetworkLayersForTMN" classname="org.etosha.hdgs.mln.TimedependentMultiLayerNetworkManagerTest" time="0.292">
    <failure message="The test case is a prototype." type="java.lang.AssertionError">java.lang.AssertionError: The test case is a prototype.
	at org.junit.Assert.fail(Assert.java:91)
	at org.etosha.hdgs.mln.TimedependentMultiLayerNetworkManagerTest.testLoadNetworkLayersForTMN(TimedependentMultiLayerNetworkManagerTest.java:115)
</failure>
    <system-err><![CDATA[log4j:WARN No appenders could be found for logger (org.apache.http.client.protocol.RequestAddCookies).
log4j:WARN Please initialize the log4j system properly.
log4j:WARN See http://logging.apache.org/log4j/1.2/faq.html#noconfig for more info.
java.lang.RuntimeException: Failed : HTTP error code : 404
	at org.etosha.hdgs.mln.TimedependentMultiLayerNetworkManager.loadNetworkLayersForTMN(TimedependentMultiLayerNetworkManager.java:825)
	at org.etosha.hdgs.mln.TimedependentMultiLayerNetworkManagerTest.testLoadNetworkLayersForTMN(TimedependentMultiLayerNetworkManagerTest.java:112)
	at sun.reflect.NativeMethodAccessorImpl.invoke0(Native Method)
	at sun.reflect.NativeMethodAccessorImpl.invoke(NativeMethodAccessorImpl.java:62)
	at sun.reflect.DelegatingMethodAccessorImpl.invoke(DelegatingMethodAccessorImpl.java:43)
	at java.lang.reflect.Method.invoke(Method.java:498)
	at org.apache.maven.surefire.junit.PojoTestSet.executeTestMethod(PojoTestSet.java:155)
	at org.apache.maven.surefire.junit.PojoTestSet.executeTestMethods(PojoTestSet.java:106)
	at org.apache.maven.surefire.junit.PojoTestSet.execute(PojoTestSet.java:87)
	at org.apache.maven.surefire.junit.JUnit3Provider.executeTestSet(JUnit3Provider.java:136)
	at org.apache.maven.surefire.junit.JUnit3Provider.invoke(JUnit3Provider.java:109)
	at org.apache.maven.surefire.booter.ForkedBooter.invokeProviderInSameClassLoader(ForkedBooter.java:290)
	at org.apache.maven.surefire.booter.ForkedBooter.runSuitesInProcess(ForkedBooter.java:242)
	at org.apache.maven.surefire.booter.ForkedBooter.main(ForkedBooter.java:121)
]]></system-err>
  </testcase>
  <testcase name="org.etosha.hdgs.mln.TimedependentMultiLayerNetworkManagerTest.testLoadQueriesForNetworkLayer" classname="org.etosha.hdgs.mln.TimedependentMultiLayerNetworkManagerTest" time="0.052">
    <failure message="expected array was null" type="java.lang.AssertionError">java.lang.AssertionError: expected array was null
	at org.junit.Assert.fail(Assert.java:91)
	at org.junit.internal.ComparisonCriteria.assertArraysAreSameLength(ComparisonCriteria.java:64)
	at org.junit.internal.ComparisonCriteria.arrayEquals(ComparisonCriteria.java:34)
	at org.junit.Assert.internalArrayEquals(Assert.java:414)
	at org.junit.Assert.assertArrayEquals(Assert.java:166)
	at org.junit.Assert.assertArrayEquals(Assert.java:183)
	at org.etosha.hdgs.mln.TimedependentMultiLayerNetworkManagerTest.testLoadQueriesForNetworkLayer(TimedependentMultiLayerNetworkManagerTest.java:129)
</failure>
    <system-err><![CDATA[java.lang.RuntimeException: Failed : HTTP error code : 404
	at org.etosha.hdgs.mln.TimedependentMultiLayerNetworkManager.loadQueriesForNetworkLayer(TimedependentMultiLayerNetworkManager.java:926)
	at org.etosha.hdgs.mln.TimedependentMultiLayerNetworkManagerTest.testLoadQueriesForNetworkLayer(TimedependentMultiLayerNetworkManagerTest.java:128)
	at sun.reflect.NativeMethodAccessorImpl.invoke0(Native Method)
	at sun.reflect.NativeMethodAccessorImpl.invoke(NativeMethodAccessorImpl.java:62)
	at sun.reflect.DelegatingMethodAccessorImpl.invoke(DelegatingMethodAccessorImpl.java:43)
	at java.lang.reflect.Method.invoke(Method.java:498)
	at org.apache.maven.surefire.junit.PojoTestSet.executeTestMethod(PojoTestSet.java:155)
	at org.apache.maven.surefire.junit.PojoTestSet.executeTestMethods(PojoTestSet.java:106)
	at org.apache.maven.surefire.junit.PojoTestSet.execute(PojoTestSet.java:87)
	at org.apache.maven.surefire.junit.JUnit3Provider.executeTestSet(JUnit3Provider.java:136)
	at org.apache.maven.surefire.junit.JUnit3Provider.invoke(JUnit3Provider.java:109)
	at org.apache.maven.surefire.booter.ForkedBooter.invokeProviderInSameClassLoader(ForkedBooter.java:290)
	at org.apache.maven.surefire.booter.ForkedBooter.runSuitesInProcess(ForkedBooter.java:242)
	at org.apache.maven.surefire.booter.ForkedBooter.main(ForkedBooter.java:121)
]]></system-err>
  </testcase>
  <testcase name="org.etosha.hdgs.mln.TimedependentMultiLayerNetworkManagerTest.testLoadTMNListeFromMetastore" classname="org.etosha.hdgs.mln.TimedependentMultiLayerNetworkManagerTest" time="0.046">
    <failure message="Failed : HTTP error code : 401" type="java.lang.RuntimeException">java.lang.RuntimeException: Failed : HTTP error code : 401
	at org.etosha.hdgs.mln.TimedependentMultiLayerNetworkManager.loadTMNListeFromMetastore(TimedependentMultiLayerNetworkManager.java:1025)
	at org.etosha.hdgs.mln.TimedependentMultiLayerNetworkManagerTest.testLoadTMNListeFromMetastore(TimedependentMultiLayerNetworkManagerTest.java:142)
</failure>
  </testcase>
  <testcase name="org.etosha.hdgs.mln.TimedependentMultiLayerNetworkManagerTest.testCenterOnScreen" classname="org.etosha.hdgs.mln.TimedependentMultiLayerNetworkManagerTest" time="0.015">
    <failure message="The test case is a prototype." type="java.lang.AssertionError">java.lang.AssertionError: The test case is a prototype.
	at org.junit.Assert.fail(Assert.java:91)
	at org.etosha.hdgs.mln.TimedependentMultiLayerNetworkManagerTest.testCenterOnScreen(TimedependentMultiLayerNetworkManagerTest.java:100)
</failure>
  </testcase>
</testsuite>